Arguments: 
  C:\Program Files\nodejs\node.exe C:\Users\daniel\AppData\Roaming\npm\node_modules\yarn\bin\yarn.js add -D @types/hap-nodejs

PATH: 
  C:\Program Files (x86)\Common Files\Oracle\Java\javapath;C:\ProgramData\Oracle\Java\javapath;C:\Program Files\Microsoft MPI\Bin\;C:\Program Files (x86)\Intel\iCLS Client\;C:\Program Files\Intel\iCLS Client\;C:\WINDOWS\system32;C:\WINDOWS;C:\WINDOWS\System32\Wbem;C:\WINDOWS\System32\WindowsPowerShell\v1.0\;C:\Program Files (x86)\Intel\Intel(R) Management Engine Components\DAL;C:\Program Files\Intel\Intel(R) Management Engine Components\DAL;C:\Program Files (x86)\Intel\Intel(R) Management Engine Components\IPT;C:\Program Files\Intel\Intel(R) Management Engine Components\IPT;c:\Program Files (x86)\HP\HP Performance Advisor;C:\Program Files\Git\cmd;C:\apps\HashiCorp\Vagrant\bin;C:\Program Files (x86)\Common Files\Acronis\VirtualFile\;C:\Program Files (x86)\Common Files\Acronis\VirtualFile64\;C:\Program Files (x86)\Common Files\Acronis\SnapAPI\;C:\Program Files\Microsoft SQL Server\130\Tools\Binn\;C:\Program Files\dotnet\;C:\Program Files (x86)\GtkSharp\2.12\bin;C:\ProgramData\chocolatey\bin;C:\Program Files (x86)\Bitvise SSH Client;C:\Program Files\LLVM\bin;C:\ProgramData\chocolatey\lib\Elixir/bin;C:\Program Files\Steel Bank Common Lisp\1.4.2\;C:\Users\daniel\.cargo\bin;C:\WINDOWS\System32\OpenSSH\;C:\Program Files (x86)\NVIDIA Corporation\PhysX\Common;C:\Program Files\nodejs\;C:\Program Files (x86)\Common Files\Acronis\FileProtector\;C:\Program Files (x86)\Common Files\Acronis\FileProtector64\;G:\Program Files (x86)\Microchip\xc8\v2.00\bin;G:\Program Files (x86)\Microchip\xc32\v2.10\bin;C:\WINDOWS\system32;C:\WINDOWS;C:\WINDOWS\System32\Wbem;C:\WINDOWS\System32\WindowsPowerShell\v1.0\;C:\WINDOWS\System32\OpenSSH\;C:\Program Files (x86)\IncrediBuild;C:\PROGRA~2\Gambit\v4.8.9\bin;C:\apps\roswell;C:\apps\OpenSSH;C:\Users\daniel\AppData\Local\atom\bin;C:\Users\daniel\AppData\Local\GitHubDesktop\bin;C:\Users\daniel\AppData\Local\Microsoft\WindowsApps;C:\Users\daniel\AppData\Roaming\npm;C:\Users\daniel\AppData\Local\Keybase\

Yarn version: 
  1.12.3

Node version: 
  10.4.1

Platform: 
  win32 x64

Trace: 
  Error: https://registry.yarnpkg.com/@types%2fhap-nodejs: Not found
      at Request.params.callback [as _callback] (C:\Users\daniel\AppData\Roaming\npm\node_modules\yarn\lib\cli.js:65894:18)
      at Request.self.callback (C:\Users\daniel\AppData\Roaming\npm\node_modules\yarn\lib\cli.js:129018:22)
      at Request.emit (events.js:182:13)
      at Request.<anonymous> (C:\Users\daniel\AppData\Roaming\npm\node_modules\yarn\lib\cli.js:129990:10)
      at Request.emit (events.js:182:13)
      at IncomingMessage.<anonymous> (C:\Users\daniel\AppData\Roaming\npm\node_modules\yarn\lib\cli.js:129912:12)
      at Object.onceWrapper (events.js:273:13)
      at IncomingMessage.emit (events.js:187:15)
      at endReadableNT (_stream_readable.js:1081:12)
      at process._tickCallback (internal/process/next_tick.js:63:19)

npm manifest: 
  {
      "description": "Hombridge plugin for Samsung MIM-H02 CAC Airconditioner controllers",
      "main": "dist/index.js",
      "engines": {
          "node": ">=6.12.2",
          "homebridge": ">=0.4.33"
      },
      "repository": {
          "type": "git",
          "url": "https://github.com/dparnell/homebridge-samsung-cac.git"
      },
      "keywords": [
          "homebridge-plugin",
          "samsung",
          "cac",
          "homebridge"
      ],
      "author": "Daniel Parnell <me@danielparnell.com>",
      "license": "MIT",
      "dependencies": {
          "samsung-cac": "^1.0.0"
      },
      "devDependencies": {
          "@types/node": "^10.12.9",
          "typescript": "^3.1.6"
      }
  }

yarn manifest: 
  No manifest

Lockfile: 
  # THIS IS AN AUTOGENERATED FILE. DO NOT EDIT THIS FILE DIRECTLY.
  # yarn lockfile v1
  
  
  "@types/node@^10.12.9":
    version "10.12.10"
    resolved "https://registry.yarnpkg.com/@types/node/-/node-10.12.10.tgz#4fa76e6598b7de3f0cb6ec3abacc4f59e5b3a2ce"
    integrity sha512-8xZEYckCbUVgK8Eg7lf5Iy4COKJ5uXlnIOnePN0WUwSQggy9tolM+tDJf7wMOnT/JT/W9xDYIaYggt3mRV2O5w==
  
  samsung-cac@^1.0.0:
    version "1.0.0"
    resolved "https://registry.yarnpkg.com/samsung-cac/-/samsung-cac-1.0.0.tgz#27ce41b91a9918e0b1ddf47a82f8e96262110be6"
    integrity sha512-nh6S2sKeMxZnoMY3y2tc5vNLUXlnrxiC0ztkGVV25NvKOyXDNMr9k4xrBXV6uQju5juaIhagMgfnVbu//QOkyg==
    dependencies:
      xml2js "^0.4.19"
  
  sax@>=0.6.0:
    version "1.2.4"
    resolved "https://registry.yarnpkg.com/sax/-/sax-1.2.4.tgz#2816234e2378bddc4e5354fab5caa895df7100d9"
    integrity sha512-NqVDv9TpANUjFm0N8uM5GxL36UgKi9/atZw+x7YFnQ8ckwFGKrl4xX4yWtrey3UJm5nP1kUbnYgLopqWNSRhWw==
  
  typescript@^3.1.6:
    version "3.1.6"
    resolved "https://registry.yarnpkg.com/typescript/-/typescript-3.1.6.tgz#b6543a83cfc8c2befb3f4c8fba6896f5b0c9be68"
    integrity sha512-tDMYfVtvpb96msS1lDX9MEdHrW4yOuZ4Kdc4Him9oU796XldPYF/t2+uKoX0BBa0hXXwDlqYQbXY5Rzjzc5hBA==
  
  xml2js@^0.4.19:
    version "0.4.19"
    resolved "https://registry.yarnpkg.com/xml2js/-/xml2js-0.4.19.tgz#686c20f213209e94abf0d1bcf1efaa291c7827a7"
    integrity sha512-esZnJZJOiJR9wWKMyuvSE1y6Dq5LCuJanqhxslH2bxM6duahNZ+HMpCLhBQGZkbX6xRf8x1Y2eJlgt2q3qo49Q==
    dependencies:
      sax ">=0.6.0"
      xmlbuilder "~9.0.1"
  
  xmlbuilder@~9.0.1:
    version "9.0.7"
    resolved "https://registry.yarnpkg.com/xmlbuilder/-/xmlbuilder-9.0.7.tgz#132ee63d2ec5565c557e20f4c22df9aca686b10d"
    integrity sha1-Ey7mPS7FVlxVfiD0wi35rKaGsQ0=
